0 info it worked if it ends with ok
1 verbose cli [ 'D:\\nodejs\\node.exe',
1 verbose cli   'D:\\nodejs\\node_modules\\npm\\bin\\npm-cli.js',
1 verbose cli   'run',
1 verbose cli   'qr',
1 verbose cli   '--',
1 verbose cli   'index.we' ]
2 info using npm@4.0.0
3 info using node@v4.4.4
4 verbose stack Error: missing script: qr
4 verbose stack     at run (D:\nodejs\node_modules\npm\lib\run-script.js:151:19)
4 verbose stack     at D:\nodejs\node_modules\npm\lib\run-script.js:61:5
4 verbose stack     at D:\nodejs\node_modules\npm\node_modules\read-package-json\read-json.js:356:5
4 verbose stack     at checkBinReferences_ (D:\nodejs\node_modules\npm\node_modules\read-package-json\read-json.js:320:45)
4 verbose stack     at final (D:\nodejs\node_modules\npm\node_modules\read-package-json\read-json.js:354:3)
4 verbose stack     at then (D:\nodejs\node_modules\npm\node_modules\read-package-json\read-json.js:124:5)
4 verbose stack     at D:\nodejs\node_modules\npm\node_modules\read-package-json\read-json.js:311:12
4 verbose stack     at D:\nodejs\node_modules\npm\node_modules\graceful-fs\graceful-fs.js:78:16
4 verbose stack     at FSReqWrap.readFileAfterClose [as oncomplete] (fs.js:380:3)
5 verbose cwd D:\weex-app\src
6 error Windows_NT 10.0.14393
7 error argv "D:\\nodejs\\node.exe" "D:\\nodejs\\node_modules\\npm\\bin\\npm-cli.js" "run" "qr" "--" "index.we"
8 error node v4.4.4
9 error npm  v4.0.0
10 error missing script: qr
11 error If you need help, you may report this error at:
11 error     <https://github.com/npm/npm/issues>
12 verbose exit [ 1, true ]
